{"/Users/mstrsplinter/Documents/hackreactor/fec/client/src/components/overview/AddToCart.jsx": {"path":"/Users/mstrsplinter/Documents/hackreactor/fec/client/src/components/overview/AddToCart.jsx","statementMap":{"0":{"start":{"line":7,"column":34},"end":{"line":7,"column":45}},"1":{"start":{"line":8,"column":40},"end":{"line":8,"column":51}},"2":{"start":{"line":9,"column":40},"end":{"line":9,"column":51}},"3":{"start":{"line":10,"column":40},"end":{"line":10,"column":53}},"4":{"start":{"line":13,"column":2},"end":{"line":15,"column":17}},"5":{"start":{"line":14,"column":4},"end":{"line":14,"column":77}},"6":{"start":{"line":17,"column":26},"end":{"line":21,"column":3}},"7":{"start":{"line":18,"column":4},"end":{"line":18,"column":23}},"8":{"start":{"line":19,"column":4},"end":{"line":19,"column":40}},"9":{"start":{"line":20,"column":4},"end":{"line":20,"column":50}},"10":{"start":{"line":23,"column":25},"end":{"line":27,"column":3}},"11":{"start":{"line":24,"column":4},"end":{"line":24,"column":23}},"12":{"start":{"line":25,"column":4},"end":{"line":25,"column":48}},"13":{"start":{"line":26,"column":4},"end":{"line":26,"column":43}},"14":{"start":{"line":29,"column":27},"end":{"line":46,"column":3}},"15":{"start":{"line":30,"column":4},"end":{"line":30,"column":51}},"16":{"start":{"line":31,"column":19},"end":{"line":31,"column":21}},"17":{"start":{"line":32,"column":4},"end":{"line":39,"column":5}},"18":{"start":{"line":32,"column":17},"end":{"line":32,"column":18}},"19":{"start":{"line":33,"column":23},"end":{"line":37,"column":8}},"20":{"start":{"line":38,"column":6},"end":{"line":38,"column":32}},"21":{"start":{"line":41,"column":4},"end":{"line":45,"column":8}},"22":{"start":{"line":43,"column":6},"end":{"line":43,"column":48}},"23":{"start":{"line":44,"column":6},"end":{"line":44,"column":44}},"24":{"start":{"line":49,"column":2},"end":{"line":82,"column":4}},"25":{"start":{"line":53,"column":48},"end":{"line":53,"column":66}},"26":{"start":{"line":56,"column":8},"end":{"line":58,"column":10}},"27":{"start":{"line":65,"column":8},"end":{"line":67,"column":10}},"28":{"start":{"line":85,"column":16},"end":{"line":93,"column":1}},"29":{"start":{"line":95,"column":14},"end":{"line":98,"column":1}},"30":{"start":{"line":100,"column":13},"end":{"line":105,"column":1}},"31":{"start":{"line":107,"column":17},"end":{"line":112,"column":3}},"32":{"start":{"line":114,"column":15},"end":{"line":118,"column":1}},"33":{"start":{"line":120,"column":12},"end":{"line":132,"column":1}},"34":{"start":{"line":134,"column":16},"end":{"line":137,"column":1}},"35":{"start":{"line":139,"column":13},"end":{"line":143,"column":1}},"36":{"start":{"line":145,"column":13},"end":{"line":153,"column":1}},"37":{"start":{"line":155,"column":19},"end":{"line":157,"column":1}}},"fnMap":{"0":{"name":"AddToCart","decl":{"start":{"line":6,"column":9},"end":{"line":6,"column":18}},"loc":{"start":{"line":6,"column":29},"end":{"line":83,"column":1}},"line":6},"1":{"name":"(anonymous_1)","decl":{"start":{"line":13,"column":12},"end":{"line":13,"column":13}},"loc":{"start":{"line":13,"column":16},"end":{"line":15,"column":3}},"line":13},"2":{"name":"(anonymous_2)","decl":{"start":{"line":17,"column":26},"end":{"line":17,"column":27}},"loc":{"start":{"line":17,"column":33},"end":{"line":21,"column":3}},"line":17},"3":{"name":"(anonymous_3)","decl":{"start":{"line":23,"column":25},"end":{"line":23,"column":26}},"loc":{"start":{"line":23,"column":32},"end":{"line":27,"column":3}},"line":23},"4":{"name":"(anonymous_4)","decl":{"start":{"line":29,"column":27},"end":{"line":29,"column":28}},"loc":{"start":{"line":29,"column":34},"end":{"line":46,"column":3}},"line":29},"5":{"name":"(anonymous_5)","decl":{"start":{"line":42,"column":23},"end":{"line":42,"column":24}},"loc":{"start":{"line":42,"column":41},"end":{"line":45,"column":5}},"line":42},"6":{"name":"(anonymous_6)","decl":{"start":{"line":53,"column":41},"end":{"line":53,"column":42}},"loc":{"start":{"line":53,"column":48},"end":{"line":53,"column":66}},"line":53},"7":{"name":"(anonymous_7)","decl":{"start":{"line":55,"column":23},"end":{"line":55,"column":24}},"loc":{"start":{"line":55,"column":41},"end":{"line":59,"column":7}},"line":55},"8":{"name":"(anonymous_8)","decl":{"start":{"line":64,"column":23},"end":{"line":64,"column":24}},"loc":{"start":{"line":64,"column":38},"end":{"line":68,"column":7}},"line":64}},"branchMap":{"0":{"loc":{"start":{"line":14,"column":19},"end":{"line":14,"column":75}},"type":"cond-expr","locations":[{"start":{"line":14,"column":26},"end":{"line":14,"column":68}},{"start":{"line":14,"column":71},"end":{"line":14,"column":75}}],"line":14},"1":{"loc":{"start":{"line":55,"column":7},"end":{"line":59,"column":34}},"type":"cond-expr","locations":[{"start":{"line":55,"column":14},"end":{"line":59,"column":8}},{"start":{"line":59,"column":11},"end":{"line":59,"column":34}}],"line":55},"2":{"loc":{"start":{"line":70,"column":7},"end":{"line":74,"column":12}},"type":"cond-expr","locations":[{"start":{"line":70,"column":21},"end":{"line":73,"column":12}},{"start":{"line":74,"column":8},"end":{"line":74,"column":12}}],"line":70}},"s":{"0":5,"1":5,"2":5,"3":5,"4":5,"5":2,"6":5,"7":1,"8":1,"9":1,"10":5,"11":1,"12":1,"13":1,"14":5,"15":1,"16":1,"17":1,"18":1,"19":1,"20":1,"21":1,"22":0,"23":0,"24":5,"25":1,"26":35,"27":35,"28":1,"29":1,"30":1,"31":1,"32":1,"33":1,"34":1,"35":1,"36":1,"37":1},"f":{"0":5,"1":2,"2":1,"3":1,"4":1,"5":0,"6":1,"7":35,"8":35},"b":{"0":[2,0],"1":[5,0],"2":[1,4]},"_coverageSchema":"1a1c01bbd47fc00a2c39e90264f33305004495a9","hash":"eb1ab00d7821c3e9b29f8b4baf5bb228a2087fa6"}
,"/Users/mstrsplinter/Documents/hackreactor/fec/client/src/components/overview/Footer.jsx": {"path":"/Users/mstrsplinter/Documents/hackreactor/fec/client/src/components/overview/Footer.jsx","statementMap":{"0":{"start":{"line":5,"column":2},"end":{"line":14,"column":4}},"1":{"start":{"line":17,"column":18},"end":{"line":24,"column":1}},"2":{"start":{"line":26,"column":19},"end":{"line":33,"column":1}},"3":{"start":{"line":35,"column":21},"end":{"line":39,"column":1}}},"fnMap":{"0":{"name":"Footer","decl":{"start":{"line":4,"column":9},"end":{"line":4,"column":15}},"loc":{"start":{"line":4,"column":30},"end":{"line":15,"column":1}},"line":4}},"branchMap":{},"s":{"0":1,"1":1,"2":1,"3":1},"f":{"0":1},"b":{},"_coverageSchema":"1a1c01bbd47fc00a2c39e90264f33305004495a9","hash":"b2cd4c0bd7ebc2af30888d42035cebedd4bfc6e5"}
,"/Users/mstrsplinter/Documents/hackreactor/fec/client/src/components/overview/InfoBox.jsx": {"path":"/Users/mstrsplinter/Documents/hackreactor/fec/client/src/components/overview/InfoBox.jsx","statementMap":{"0":{"start":{"line":8,"column":30},"end":{"line":8,"column":41}},"1":{"start":{"line":11,"column":24},"end":{"line":28,"column":3}},"2":{"start":{"line":13,"column":4},"end":{"line":27,"column":62}},"3":{"start":{"line":16,"column":18},"end":{"line":16,"column":19}},"4":{"start":{"line":17,"column":20},"end":{"line":17,"column":21}},"5":{"start":{"line":18,"column":6},"end":{"line":21,"column":7}},"6":{"start":{"line":19,"column":8},"end":{"line":19,"column":51}},"7":{"start":{"line":20,"column":8},"end":{"line":20,"column":52}},"8":{"start":{"line":22,"column":24},"end":{"line":22,"column":63}},"9":{"start":{"line":25,"column":6},"end":{"line":25,"column":28}},"10":{"start":{"line":27,"column":18},"end":{"line":27,"column":60}},"11":{"start":{"line":30,"column":28},"end":{"line":32,"column":3}},"12":{"start":{"line":31,"column":4},"end":{"line":31,"column":78}},"13":{"start":{"line":34,"column":2},"end":{"line":34,"column":49}},"14":{"start":{"line":36,"column":1},"end":{"line":48,"column":3}},"15":{"start":{"line":52,"column":13},"end":{"line":58,"column":1}},"16":{"start":{"line":60,"column":20},"end":{"line":64,"column":1}},"17":{"start":{"line":66,"column":19},"end":{"line":71,"column":1}},"18":{"start":{"line":73,"column":17},"end":{"line":79,"column":1}},"19":{"start":{"line":81,"column":20},"end":{"line":87,"column":1}},"20":{"start":{"line":89,"column":14},"end":{"line":95,"column":1}}},"fnMap":{"0":{"name":"InfoBox","decl":{"start":{"line":7,"column":9},"end":{"line":7,"column":16}},"loc":{"start":{"line":7,"column":31},"end":{"line":50,"column":1}},"line":7},"1":{"name":"(anonymous_1)","decl":{"start":{"line":11,"column":24},"end":{"line":11,"column":25}},"loc":{"start":{"line":11,"column":40},"end":{"line":28,"column":3}},"line":11},"2":{"name":"(anonymous_2)","decl":{"start":{"line":14,"column":10},"end":{"line":14,"column":11}},"loc":{"start":{"line":14,"column":17},"end":{"line":26,"column":5}},"line":14},"3":{"name":"(anonymous_3)","decl":{"start":{"line":27,"column":11},"end":{"line":27,"column":12}},"loc":{"start":{"line":27,"column":18},"end":{"line":27,"column":60}},"line":27},"4":{"name":"(anonymous_4)","decl":{"start":{"line":30,"column":28},"end":{"line":30,"column":29}},"loc":{"start":{"line":30,"column":34},"end":{"line":32,"column":3}},"line":30}},"branchMap":{"0":{"loc":{"start":{"line":34,"column":2},"end":{"line":34,"column":48}},"type":"cond-expr","locations":[{"start":{"line":34,"column":16},"end":{"line":34,"column":42}},{"start":{"line":34,"column":44},"end":{"line":34,"column":48}}],"line":34},"1":{"loc":{"start":{"line":41,"column":25},"end":{"line":41,"column":86}},"type":"cond-expr","locations":[{"start":{"line":41,"column":62},"end":{"line":41,"column":79}},{"start":{"line":41,"column":82},"end":{"line":41,"column":86}}],"line":41}},"s":{"0":1,"1":1,"2":1,"3":0,"4":0,"5":0,"6":0,"7":0,"8":0,"9":0,"10":0,"11":1,"12":0,"13":1,"14":1,"15":1,"16":1,"17":1,"18":1,"19":1,"20":1},"f":{"0":1,"1":1,"2":0,"3":0,"4":0},"b":{"0":[1,0],"1":[0,1]},"_coverageSchema":"1a1c01bbd47fc00a2c39e90264f33305004495a9","hash":"470062bd2355e933ebef92009119c6afd2f10746"}
,"/Users/mstrsplinter/Documents/hackreactor/fec/client/src/components/ratings_and_reviews/reviewEntryComps/StarAvg.jsx": {"path":"/Users/mstrsplinter/Documents/hackreactor/fec/client/src/components/ratings_and_reviews/reviewEntryComps/StarAvg.jsx","statementMap":{"0":{"start":{"line":6,"column":2},"end":{"line":23,"column":4}},"1":{"start":{"line":26,"column":0},"end":{"line":28,"column":2}},"2":{"start":{"line":30,"column":19},"end":{"line":35,"column":1}},"3":{"start":{"line":37,"column":20},"end":{"line":54,"column":1}},"4":{"start":{"line":43,"column":24},"end":{"line":43,"column":56}},"5":{"start":{"line":44,"column":4},"end":{"line":46,"column":5}},"6":{"start":{"line":45,"column":6},"end":{"line":45,"column":35}},"7":{"start":{"line":48,"column":4},"end":{"line":50,"column":5}},"8":{"start":{"line":49,"column":6},"end":{"line":49,"column":35}},"9":{"start":{"line":52,"column":4},"end":{"line":52,"column":30}},"10":{"start":{"line":56,"column":19},"end":{"line":60,"column":1}},"11":{"start":{"line":62,"column":13},"end":{"line":66,"column":1}}},"fnMap":{"0":{"name":"StarAvg","decl":{"start":{"line":5,"column":9},"end":{"line":5,"column":16}},"loc":{"start":{"line":5,"column":29},"end":{"line":24,"column":1}},"line":5},"1":{"name":"(anonymous_1)","decl":{"start":{"line":42,"column":11},"end":{"line":42,"column":12}},"loc":{"start":{"line":42,"column":20},"end":{"line":53,"column":5}},"line":42}},"branchMap":{"0":{"loc":{"start":{"line":44,"column":4},"end":{"line":46,"column":5}},"type":"if","locations":[{"start":{"line":44,"column":4},"end":{"line":46,"column":5}},{"start":{},"end":{}}],"line":44},"1":{"loc":{"start":{"line":48,"column":4},"end":{"line":50,"column":5}},"type":"if","locations":[{"start":{"line":48,"column":4},"end":{"line":50,"column":5}},{"start":{},"end":{}}],"line":48}},"s":{"0":1,"1":1,"2":1,"3":1,"4":1,"5":1,"6":0,"7":1,"8":0,"9":1,"10":1,"11":1},"f":{"0":1,"1":1},"b":{"0":[0,1],"1":[0,1]},"_coverageSchema":"1a1c01bbd47fc00a2c39e90264f33305004495a9","hash":"5fbf61852bf55f691e0229ec97704761ff554a33"}
}
