TN:
SF:client/src/components/overview/AddToCart.jsx
FN:6,AddToCart
FN:13,(anonymous_1)
FN:17,(anonymous_2)
FN:23,(anonymous_3)
FN:29,(anonymous_4)
FN:42,(anonymous_5)
FN:53,(anonymous_6)
FN:55,(anonymous_7)
FN:64,(anonymous_8)
FNF:9
FNH:8
FNDA:5,AddToCart
FNDA:2,(anonymous_1)
FNDA:1,(anonymous_2)
FNDA:1,(anonymous_3)
FNDA:1,(anonymous_4)
FNDA:0,(anonymous_5)
FNDA:1,(anonymous_6)
FNDA:35,(anonymous_7)
FNDA:35,(anonymous_8)
DA:7,5
DA:8,5
DA:9,5
DA:10,5
DA:13,5
DA:14,2
DA:17,5
DA:18,1
DA:19,1
DA:20,1
DA:23,5
DA:24,1
DA:25,1
DA:26,1
DA:29,5
DA:30,1
DA:31,1
DA:32,1
DA:33,1
DA:38,1
DA:41,1
DA:43,0
DA:44,0
DA:49,5
DA:53,1
DA:56,35
DA:65,35
DA:85,1
DA:95,1
DA:100,1
DA:107,1
DA:114,1
DA:120,1
DA:134,1
DA:139,1
DA:145,1
DA:155,1
LF:37
LH:35
BRDA:14,0,0,2
BRDA:14,0,1,0
BRDA:55,1,0,5
BRDA:55,1,1,0
BRDA:70,2,0,1
BRDA:70,2,1,4
BRF:6
BRH:4
end_of_record
TN:
SF:client/src/components/overview/Footer.jsx
FN:4,Footer
FNF:1
FNH:1
FNDA:1,Footer
DA:5,1
DA:17,1
DA:26,1
DA:35,1
LF:4
LH:4
BRF:0
BRH:0
end_of_record
TN:
SF:client/src/components/overview/InfoBox.jsx
FN:7,InfoBox
FN:11,(anonymous_1)
FN:14,(anonymous_2)
FN:27,(anonymous_3)
FN:30,(anonymous_4)
FNF:5
FNH:2
FNDA:1,InfoBox
FNDA:1,(anonymous_1)
FNDA:0,(anonymous_2)
FNDA:0,(anonymous_3)
FNDA:0,(anonymous_4)
DA:8,1
DA:11,1
DA:13,1
DA:16,0
DA:17,0
DA:18,0
DA:19,0
DA:20,0
DA:22,0
DA:25,0
DA:27,0
DA:30,1
DA:31,0
DA:34,1
DA:36,1
DA:52,1
DA:60,1
DA:66,1
DA:73,1
DA:81,1
DA:89,1
LF:21
LH:12
BRDA:34,0,0,1
BRDA:34,0,1,0
BRDA:41,1,0,0
BRDA:41,1,1,1
BRF:4
BRH:2
end_of_record
TN:
SF:client/src/components/ratings_and_reviews/reviewEntryComps/StarAvg.jsx
FN:5,StarAvg
FN:42,(anonymous_1)
FNF:2
FNH:2
FNDA:1,StarAvg
FNDA:1,(anonymous_1)
DA:6,1
DA:26,1
DA:30,1
DA:37,1
DA:43,1
DA:44,1
DA:45,0
DA:48,1
DA:49,0
DA:52,1
DA:56,1
DA:62,1
LF:12
LH:10
BRDA:44,0,0,0
BRDA:44,0,1,1
BRDA:48,1,0,0
BRDA:48,1,1,1
BRF:4
BRH:2
end_of_record
